G:\Angular2-CRUDApplication\Angular2-CRUDApplication\Angular2-CRUDApplication\src\app\Component\Header\Header.component.js
G:\Angular2-CRUDApplication\Angular2-CRUDApplication\Angular2-CRUDApplication\src\app\Component\Header\Header.component.js.map
G:\Angular2-CRUDApplication\Angular2-CRUDApplication\Angular2-CRUDApplication\src\app\Component\Footer\Footer.component.js
G:\Angular2-CRUDApplication\Angular2-CRUDApplication\Angular2-CRUDApplication\src\app\Component\Footer\Footer.component.js.map
G:\Angular2-CRUDApplication\Angular2-CRUDApplication\Angular2-CRUDApplication\src\app\Component\Student\Student.component.js
G:\Angular2-CRUDApplication\Angular2-CRUDApplication\Angular2-CRUDApplication\src\app\Component\Student\Student.component.js.map
G:\Angular2-CRUDApplication\Angular2-CRUDApplication\Angular2-CRUDApplication\src\app\Services\customer.service.js
G:\Angular2-CRUDApplication\Angular2-CRUDApplication\Angular2-CRUDApplication\src\app\Services\customer.service.js.map
G:\Angular2-CRUDApplication\Angular2-CRUDApplication\Angular2-CRUDApplication\src\app\Services\common.service.js
G:\Angular2-CRUDApplication\Angular2-CRUDApplication\Angular2-CRUDApplication\src\app\Services\common.service.js.map
G:\Angular2-CRUDApplication\Angular2-CRUDApplication\Angular2-CRUDApplication\src\app\Model\Customer.model.js
G:\Angular2-CRUDApplication\Angular2-CRUDApplication\Angular2-CRUDApplication\src\app\Model\Customer.model.js.map
G:\Angular2-CRUDApplication\Angular2-CRUDApplication\Angular2-CRUDApplication\src\app\Shared\global.js
G:\Angular2-CRUDApplication\Angular2-CRUDApplication\Angular2-CRUDApplication\src\app\Shared\global.js.map
G:\Angular2-CRUDApplication\Angular2-CRUDApplication\Angular2-CRUDApplication\src\app\Component\Customer\Customer.component.js
G:\Angular2-CRUDApplication\Angular2-CRUDApplication\Angular2-CRUDApplication\src\app\Component\Customer\Customer.component.js.map
G:\Angular2-CRUDApplication\Angular2-CRUDApplication\Angular2-CRUDApplication\src\app\app.component.js
G:\Angular2-CRUDApplication\Angular2-CRUDApplication\Angular2-CRUDApplication\src\app\app.component.js.map
G:\Angular2-CRUDApplication\Angular2-CRUDApplication\Angular2-CRUDApplication\src\app\app.routes.js
G:\Angular2-CRUDApplication\Angular2-CRUDApplication\Angular2-CRUDApplication\src\app\app.routes.js.map
G:\Angular2-CRUDApplication\Angular2-CRUDApplication\Angular2-CRUDApplication\src\app\Component\Loader\loader.component.js
G:\Angular2-CRUDApplication\Angular2-CRUDApplication\Angular2-CRUDApplication\src\app\Component\Loader\loader.component.js.map
G:\Angular2-CRUDApplication\Angular2-CRUDApplication\Angular2-CRUDApplication\src\app\app.module.js
G:\Angular2-CRUDApplication\Angular2-CRUDApplication\Angular2-CRUDApplication\src\app\app.module.js.map
G:\Angular2-CRUDApplication\Angular2-CRUDApplication\Angular2-CRUDApplication\src\main.js
G:\Angular2-CRUDApplication\Angular2-CRUDApplication\Angular2-CRUDApplication\src\main.js.map
G:\Angular2-CRUDApplication\Angular2-CRUDApplication\Angular2-CRUDApplication\src\app\app.component.spec.js
G:\Angular2-CRUDApplication\Angular2-CRUDApplication\Angular2-CRUDApplication\src\app\app.component.spec.js.map
G:\Angular2-CRUDApplication\Angular2-CRUDApplication\Angular2-CRUDApplication\src\app\Validators\validators.js
G:\Angular2-CRUDApplication\Angular2-CRUDApplication\Angular2-CRUDApplication\src\app\Validators\validators.js.map
\\NATRIXDATASERVE\Users\Laxman\Angular2-CRUDApplication\Angular2-CRUDApplication\src\app\Component\Header\Header.component.js
\\NATRIXDATASERVE\Users\Laxman\Angular2-CRUDApplication\Angular2-CRUDApplication\src\app\Component\Header\Header.component.js.map
\\NATRIXDATASERVE\Users\Laxman\Angular2-CRUDApplication\Angular2-CRUDApplication\src\app\Component\Footer\Footer.component.js
\\NATRIXDATASERVE\Users\Laxman\Angular2-CRUDApplication\Angular2-CRUDApplication\src\app\Component\Footer\Footer.component.js.map
\\NATRIXDATASERVE\Users\Laxman\Angular2-CRUDApplication\Angular2-CRUDApplication\src\app\Component\Student\Student.component.js
\\NATRIXDATASERVE\Users\Laxman\Angular2-CRUDApplication\Angular2-CRUDApplication\src\app\Component\Student\Student.component.js.map
\\NATRIXDATASERVE\Users\Laxman\Angular2-CRUDApplication\Angular2-CRUDApplication\src\app\Services\customer.service.js
\\NATRIXDATASERVE\Users\Laxman\Angular2-CRUDApplication\Angular2-CRUDApplication\src\app\Services\customer.service.js.map
\\NATRIXDATASERVE\Users\Laxman\Angular2-CRUDApplication\Angular2-CRUDApplication\src\app\Services\common.service.js
\\NATRIXDATASERVE\Users\Laxman\Angular2-CRUDApplication\Angular2-CRUDApplication\src\app\Services\common.service.js.map
\\NATRIXDATASERVE\Users\Laxman\Angular2-CRUDApplication\Angular2-CRUDApplication\src\app\Model\Customer.model.js
\\NATRIXDATASERVE\Users\Laxman\Angular2-CRUDApplication\Angular2-CRUDApplication\src\app\Model\Customer.model.js.map
\\NATRIXDATASERVE\Users\Laxman\Angular2-CRUDApplication\Angular2-CRUDApplication\src\app\Shared\global.js
\\NATRIXDATASERVE\Users\Laxman\Angular2-CRUDApplication\Angular2-CRUDApplication\src\app\Shared\global.js.map
\\NATRIXDATASERVE\Users\Laxman\Angular2-CRUDApplication\Angular2-CRUDApplication\src\app\Component\Customer\Customer.component.js
\\NATRIXDATASERVE\Users\Laxman\Angular2-CRUDApplication\Angular2-CRUDApplication\src\app\Component\Customer\Customer.component.js.map
\\NATRIXDATASERVE\Users\Laxman\Angular2-CRUDApplication\Angular2-CRUDApplication\src\app\app.component.js
\\NATRIXDATASERVE\Users\Laxman\Angular2-CRUDApplication\Angular2-CRUDApplication\src\app\app.component.js.map
\\NATRIXDATASERVE\Users\Laxman\Angular2-CRUDApplication\Angular2-CRUDApplication\src\app\app.routes.js
\\NATRIXDATASERVE\Users\Laxman\Angular2-CRUDApplication\Angular2-CRUDApplication\src\app\app.routes.js.map
\\NATRIXDATASERVE\Users\Laxman\Angular2-CRUDApplication\Angular2-CRUDApplication\src\app\Component\Loader\loader.component.js
\\NATRIXDATASERVE\Users\Laxman\Angular2-CRUDApplication\Angular2-CRUDApplication\src\app\Component\Loader\loader.component.js.map
\\NATRIXDATASERVE\Users\Laxman\Angular2-CRUDApplication\Angular2-CRUDApplication\src\app\app.module.js
\\NATRIXDATASERVE\Users\Laxman\Angular2-CRUDApplication\Angular2-CRUDApplication\src\app\app.module.js.map
\\NATRIXDATASERVE\Users\Laxman\Angular2-CRUDApplication\Angular2-CRUDApplication\src\main.js
\\NATRIXDATASERVE\Users\Laxman\Angular2-CRUDApplication\Angular2-CRUDApplication\src\main.js.map
\\NATRIXDATASERVE\Users\Laxman\Angular2-CRUDApplication\Angular2-CRUDApplication\src\app\app.component.spec.js
\\NATRIXDATASERVE\Users\Laxman\Angular2-CRUDApplication\Angular2-CRUDApplication\src\app\app.component.spec.js.map
\\NATRIXDATASERVE\Users\Laxman\Angular2-CRUDApplication\Angular2-CRUDApplication\src\app\Validators\validators.js
\\NATRIXDATASERVE\Users\Laxman\Angular2-CRUDApplication\Angular2-CRUDApplication\src\app\Validators\validators.js.map
E:\Angular2-CRUDApplication\Angular2-CRUDApplication\src\app\Component\Header\Header.component.js
E:\Angular2-CRUDApplication\Angular2-CRUDApplication\src\app\Component\Header\Header.component.js.map
E:\Angular2-CRUDApplication\Angular2-CRUDApplication\src\app\Component\Footer\Footer.component.js
E:\Angular2-CRUDApplication\Angular2-CRUDApplication\src\app\Component\Footer\Footer.component.js.map
E:\Angular2-CRUDApplication\Angular2-CRUDApplication\src\app\Component\Student\Student.component.js
E:\Angular2-CRUDApplication\Angular2-CRUDApplication\src\app\Component\Student\Student.component.js.map
E:\Angular2-CRUDApplication\Angular2-CRUDApplication\src\app\Services\customer.service.js
E:\Angular2-CRUDApplication\Angular2-CRUDApplication\src\app\Services\customer.service.js.map
E:\Angular2-CRUDApplication\Angular2-CRUDApplication\src\app\Services\common.service.js
E:\Angular2-CRUDApplication\Angular2-CRUDApplication\src\app\Services\common.service.js.map
E:\Angular2-CRUDApplication\Angular2-CRUDApplication\src\app\Model\Customer.model.js
E:\Angular2-CRUDApplication\Angular2-CRUDApplication\src\app\Model\Customer.model.js.map
E:\Angular2-CRUDApplication\Angular2-CRUDApplication\src\app\Shared\global.js
E:\Angular2-CRUDApplication\Angular2-CRUDApplication\src\app\Shared\global.js.map
E:\Angular2-CRUDApplication\Angular2-CRUDApplication\src\app\Component\Customer\Customer.component.js
E:\Angular2-CRUDApplication\Angular2-CRUDApplication\src\app\Component\Customer\Customer.component.js.map
E:\Angular2-CRUDApplication\Angular2-CRUDApplication\src\app\app.component.js
E:\Angular2-CRUDApplication\Angular2-CRUDApplication\src\app\app.component.js.map
E:\Angular2-CRUDApplication\Angular2-CRUDApplication\src\app\app.routes.js
E:\Angular2-CRUDApplication\Angular2-CRUDApplication\src\app\app.routes.js.map
E:\Angular2-CRUDApplication\Angular2-CRUDApplication\src\app\Component\Loader\loader.component.js
E:\Angular2-CRUDApplication\Angular2-CRUDApplication\src\app\Component\Loader\loader.component.js.map
E:\Angular2-CRUDApplication\Angular2-CRUDApplication\src\app\app.module.js
E:\Angular2-CRUDApplication\Angular2-CRUDApplication\src\app\app.module.js.map
E:\Angular2-CRUDApplication\Angular2-CRUDApplication\src\main.js
E:\Angular2-CRUDApplication\Angular2-CRUDApplication\src\main.js.map
E:\Angular2-CRUDApplication\Angular2-CRUDApplication\src\app\app.component.spec.js
E:\Angular2-CRUDApplication\Angular2-CRUDApplication\src\app\app.component.spec.js.map
E:\Angular2-CRUDApplication\Angular2-CRUDApplication\src\app\Validators\validators.js
E:\Angular2-CRUDApplication\Angular2-CRUDApplication\src\app\Validators\validators.js.map
E:\Angular2-CRUDApplication\Angular2-CRUDApplication\src\app\Component\Header\Header.component.js
E:\Angular2-CRUDApplication\Angular2-CRUDApplication\src\app\Component\Header\Header.component.js.map
E:\Angular2-CRUDApplication\Angular2-CRUDApplication\src\app\Component\Footer\Footer.component.js
E:\Angular2-CRUDApplication\Angular2-CRUDApplication\src\app\Component\Footer\Footer.component.js.map
E:\Angular2-CRUDApplication\Angular2-CRUDApplication\src\app\Component\Student\Student.component.js
E:\Angular2-CRUDApplication\Angular2-CRUDApplication\src\app\Component\Student\Student.component.js.map
E:\Angular2-CRUDApplication\Angular2-CRUDApplication\src\app\Services\customer.service.js
E:\Angular2-CRUDApplication\Angular2-CRUDApplication\src\app\Services\customer.service.js.map
E:\Angular2-CRUDApplication\Angular2-CRUDApplication\src\app\Services\common.service.js
E:\Angular2-CRUDApplication\Angular2-CRUDApplication\src\app\Services\common.service.js.map
E:\Angular2-CRUDApplication\Angular2-CRUDApplication\src\app\Model\Customer.model.js
E:\Angular2-CRUDApplication\Angular2-CRUDApplication\src\app\Model\Customer.model.js.map
E:\Angular2-CRUDApplication\Angular2-CRUDApplication\src\app\Shared\global.js
E:\Angular2-CRUDApplication\Angular2-CRUDApplication\src\app\Shared\global.js.map
E:\Angular2-CRUDApplication\Angular2-CRUDApplication\src\app\Component\Customer\Customer.component.js
E:\Angular2-CRUDApplication\Angular2-CRUDApplication\src\app\Component\Customer\Customer.component.js.map
E:\Angular2-CRUDApplication\Angular2-CRUDApplication\src\app\app.component.js
E:\Angular2-CRUDApplication\Angular2-CRUDApplication\src\app\app.component.js.map
E:\Angular2-CRUDApplication\Angular2-CRUDApplication\src\app\app.routes.js
E:\Angular2-CRUDApplication\Angular2-CRUDApplication\src\app\app.routes.js.map
E:\Angular2-CRUDApplication\Angular2-CRUDApplication\src\app\Component\Loader\loader.component.js
E:\Angular2-CRUDApplication\Angular2-CRUDApplication\src\app\Component\Loader\loader.component.js.map
E:\Angular2-CRUDApplication\Angular2-CRUDApplication\src\app\app.module.js
E:\Angular2-CRUDApplication\Angular2-CRUDApplication\src\app\app.module.js.map
E:\Angular2-CRUDApplication\Angular2-CRUDApplication\src\main.js
E:\Angular2-CRUDApplication\Angular2-CRUDApplication\src\main.js.map
E:\Angular2-CRUDApplication\Angular2-CRUDApplication\src\app\app.component.spec.js
E:\Angular2-CRUDApplication\Angular2-CRUDApplication\src\app\app.component.spec.js.map
E:\Angular2-CRUDApplication\Angular2-CRUDApplication\src\app\Validators\validators.js
E:\Angular2-CRUDApplication\Angular2-CRUDApplication\src\app\Validators\validators.js.map
E:\Angular2-CRUDApplication\Angular2-CRUDApplication\src\app\Component\Header\Header.component.js
E:\Angular2-CRUDApplication\Angular2-CRUDApplication\src\app\Component\Header\Header.component.js.map
E:\Angular2-CRUDApplication\Angular2-CRUDApplication\src\app\Component\Footer\Footer.component.js
E:\Angular2-CRUDApplication\Angular2-CRUDApplication\src\app\Component\Footer\Footer.component.js.map
E:\Angular2-CRUDApplication\Angular2-CRUDApplication\src\app\Component\Student\Student.component.js
E:\Angular2-CRUDApplication\Angular2-CRUDApplication\src\app\Component\Student\Student.component.js.map
E:\Angular2-CRUDApplication\Angular2-CRUDApplication\src\app\Services\customer.service.js
E:\Angular2-CRUDApplication\Angular2-CRUDApplication\src\app\Services\customer.service.js.map
E:\Angular2-CRUDApplication\Angular2-CRUDApplication\src\app\Services\common.service.js
E:\Angular2-CRUDApplication\Angular2-CRUDApplication\src\app\Services\common.service.js.map
E:\Angular2-CRUDApplication\Angular2-CRUDApplication\src\app\Model\Customer.model.js
E:\Angular2-CRUDApplication\Angular2-CRUDApplication\src\app\Model\Customer.model.js.map
E:\Angular2-CRUDApplication\Angular2-CRUDApplication\src\app\Shared\global.js
E:\Angular2-CRUDApplication\Angular2-CRUDApplication\src\app\Shared\global.js.map
E:\Angular2-CRUDApplication\Angular2-CRUDApplication\src\app\Component\Customer\Customer.component.js
E:\Angular2-CRUDApplication\Angular2-CRUDApplication\src\app\Component\Customer\Customer.component.js.map
E:\Angular2-CRUDApplication\Angular2-CRUDApplication\src\app\app.component.js
E:\Angular2-CRUDApplication\Angular2-CRUDApplication\src\app\app.component.js.map
E:\Angular2-CRUDApplication\Angular2-CRUDApplication\src\app\app.routes.js
E:\Angular2-CRUDApplication\Angular2-CRUDApplication\src\app\app.routes.js.map
E:\Angular2-CRUDApplication\Angular2-CRUDApplication\src\app\Component\Loader\loader.component.js
E:\Angular2-CRUDApplication\Angular2-CRUDApplication\src\app\Component\Loader\loader.component.js.map
E:\Angular2-CRUDApplication\Angular2-CRUDApplication\src\app\app.module.js
E:\Angular2-CRUDApplication\Angular2-CRUDApplication\src\app\app.module.js.map
E:\Angular2-CRUDApplication\Angular2-CRUDApplication\src\main.js
E:\Angular2-CRUDApplication\Angular2-CRUDApplication\src\main.js.map
E:\Angular2-CRUDApplication\Angular2-CRUDApplication\src\app\app.component.spec.js
E:\Angular2-CRUDApplication\Angular2-CRUDApplication\src\app\app.component.spec.js.map
E:\Angular2-CRUDApplication\Angular2-CRUDApplication\src\app\Validators\validators.js
E:\Angular2-CRUDApplication\Angular2-CRUDApplication\src\app\Validators\validators.js.map
